-- The C compiler identification is GNU 11.4.0
-- The CXX compiler identification is GNU 11.4.0
-- Detecting C compiler ABI info
-- Detecting C compiler ABI info - done
-- Check for working C compiler: /usr/bin/cc - skipped
-- Detecting C compile features
-- Detecting C compile features - done
-- Detecting CXX compiler ABI info
-- Detecting CXX compiler ABI info - done
-- Check for working CXX compiler: /usr/bin/c++ - skipped
-- Detecting CXX compile features
-- Detecting CXX compile features - done
-- Found ament_cmake: 1.3.13 (/opt/ros/humble/share/ament_cmake/cmake)
-- Found Python3: /usr/bin/python3 (found version "3.10.12") found components: Interpreter 
-- Override CMake install command with custom implementation using symlinks instead of copying resources
-- Configuring done
-- Generating done
-- Build files have been written to: /home/hector/Desktop/DreamTeam_TE3002B/so_arm_ws/build/so_arm100_pick_place
Built target ament_cmake_python_symlink_so_arm100_pick_place
running egg_info
creating so_arm100_pick_place.egg-info
writing so_arm100_pick_place.egg-info/PKG-INFO
writing dependency_links to so_arm100_pick_place.egg-info/dependency_links.txt
writing top-level names to so_arm100_pick_place.egg-info/top_level.txt
writing manifest file 'so_arm100_pick_place.egg-info/SOURCES.txt'
reading manifest file 'so_arm100_pick_place.egg-info/SOURCES.txt'
writing manifest file 'so_arm100_pick_place.egg-info/SOURCES.txt'
Built target ament_cmake_python_build_so_arm100_pick_place_egg
-- Install configuration: "Release"
-- Execute custom install script
-- Symlinking: /home/hector/Desktop/DreamTeam_TE3002B/so_arm_ws/install/so_arm100_pick_place/share/so_arm100_pick_place/environment/pythonpath.sh
-- Symlinking: /home/hector/Desktop/DreamTeam_TE3002B/so_arm_ws/install/so_arm100_pick_place/share/so_arm100_pick_place/environment/pythonpath.dsv
-- Symlinking: /home/hector/Desktop/DreamTeam_TE3002B/so_arm_ws/install/so_arm100_pick_place/local/lib/python3.10/dist-packages/so_arm100_pick_place-0.1.0-py3.10.egg-info/PKG-INFO
-- Symlinking: /home/hector/Desktop/DreamTeam_TE3002B/so_arm_ws/install/so_arm100_pick_place/local/lib/python3.10/dist-packages/so_arm100_pick_place-0.1.0-py3.10.egg-info/SOURCES.txt
-- Symlinking: /home/hector/Desktop/DreamTeam_TE3002B/so_arm_ws/install/so_arm100_pick_place/local/lib/python3.10/dist-packages/so_arm100_pick_place-0.1.0-py3.10.egg-info/dependency_links.txt
-- Symlinking: /home/hector/Desktop/DreamTeam_TE3002B/so_arm_ws/install/so_arm100_pick_place/local/lib/python3.10/dist-packages/so_arm100_pick_place-0.1.0-py3.10.egg-info/top_level.txt
-- Symlinking: /home/hector/Desktop/DreamTeam_TE3002B/so_arm_ws/install/so_arm100_pick_place/local/lib/python3.10/dist-packages/so_arm100_pick_place/__init__.py
-- Symlinking: /home/hector/Desktop/DreamTeam_TE3002B/so_arm_ws/install/so_arm100_pick_place/local/lib/python3.10/dist-packages/so_arm100_pick_place/pick_place_node.py
-- Symlinking: /home/hector/Desktop/DreamTeam_TE3002B/so_arm_ws/install/so_arm100_pick_place/local/lib/python3.10/dist-packages/so_arm100_pick_place/vision_node.py
-- Symlinking: /home/hector/Desktop/DreamTeam_TE3002B/so_arm_ws/install/so_arm100_pick_place/lib/so_arm100_pick_place/pick_place_node.py
-- Symlinking: /home/hector/Desktop/DreamTeam_TE3002B/so_arm_ws/install/so_arm100_pick_place/lib/so_arm100_pick_place/vision_node.py
-- Symlinking: /home/hector/Desktop/DreamTeam_TE3002B/so_arm_ws/install/so_arm100_pick_place/share/so_arm100_pick_place/launch/pick_place.launch.py
-- Symlinking: /home/hector/Desktop/DreamTeam_TE3002B/so_arm_ws/install/so_arm100_pick_place/share/ament_index/resource_index/package_run_dependencies/so_arm100_pick_place
-- Symlinking: /home/hector/Desktop/DreamTeam_TE3002B/so_arm_ws/install/so_arm100_pick_place/share/ament_index/resource_index/parent_prefix_path/so_arm100_pick_place
-- Symlinking: /home/hector/Desktop/DreamTeam_TE3002B/so_arm_ws/install/so_arm100_pick_place/share/so_arm100_pick_place/environment/ament_prefix_path.sh
-- Symlinking: /home/hector/Desktop/DreamTeam_TE3002B/so_arm_ws/install/so_arm100_pick_place/share/so_arm100_pick_place/environment/ament_prefix_path.dsv
-- Symlinking: /home/hector/Desktop/DreamTeam_TE3002B/so_arm_ws/install/so_arm100_pick_place/share/so_arm100_pick_place/environment/path.sh
-- Symlinking: /home/hector/Desktop/DreamTeam_TE3002B/so_arm_ws/install/so_arm100_pick_place/share/so_arm100_pick_place/environment/path.dsv
-- Symlinking: /home/hector/Desktop/DreamTeam_TE3002B/so_arm_ws/install/so_arm100_pick_place/share/so_arm100_pick_place/local_setup.bash
-- Symlinking: /home/hector/Desktop/DreamTeam_TE3002B/so_arm_ws/install/so_arm100_pick_place/share/so_arm100_pick_place/local_setup.sh
-- Symlinking: /home/hector/Desktop/DreamTeam_TE3002B/so_arm_ws/install/so_arm100_pick_place/share/so_arm100_pick_place/local_setup.zsh
-- Symlinking: /home/hector/Desktop/DreamTeam_TE3002B/so_arm_ws/install/so_arm100_pick_place/share/so_arm100_pick_place/local_setup.dsv
-- Symlinking: /home/hector/Desktop/DreamTeam_TE3002B/so_arm_ws/install/so_arm100_pick_place/share/so_arm100_pick_place/package.dsv
-- Symlinking: /home/hector/Desktop/DreamTeam_TE3002B/so_arm_ws/install/so_arm100_pick_place/share/ament_index/resource_index/packages/so_arm100_pick_place
-- Symlinking: /home/hector/Desktop/DreamTeam_TE3002B/so_arm_ws/install/so_arm100_pick_place/share/so_arm100_pick_place/cmake/so_arm100_pick_placeConfig.cmake
-- Symlinking: /home/hector/Desktop/DreamTeam_TE3002B/so_arm_ws/install/so_arm100_pick_place/share/so_arm100_pick_place/cmake/so_arm100_pick_placeConfig-version.cmake
-- Symlinking: /home/hector/Desktop/DreamTeam_TE3002B/so_arm_ws/install/so_arm100_pick_place/share/so_arm100_pick_place/package.xml
Listing '/home/hector/Desktop/DreamTeam_TE3002B/so_arm_ws/install/so_arm100_pick_place/local/lib/python3.10/dist-packages/so_arm100_pick_place'...
Compiling '/home/hector/Desktop/DreamTeam_TE3002B/so_arm_ws/install/so_arm100_pick_place/local/lib/python3.10/dist-packages/so_arm100_pick_place/__init__.py'...
Compiling '/home/hector/Desktop/DreamTeam_TE3002B/so_arm_ws/install/so_arm100_pick_place/local/lib/python3.10/dist-packages/so_arm100_pick_place/pick_place_node.py'...
Compiling '/home/hector/Desktop/DreamTeam_TE3002B/so_arm_ws/install/so_arm100_pick_place/local/lib/python3.10/dist-packages/so_arm100_pick_place/vision_node.py'...
