[0.006s] Invoking command in '/home/hector/Desktop/DreamTeam_TE3002B/so_arm_ws/build/so_arm100_pick_place': CMAKE_PREFIX_PATH=/opt/ros/humble /usr/bin/cmake /home/hector/Desktop/DreamTeam_TE3002B/so_arm_ws/src/so_arm100_pick_place -DCMAKE_BUILD_TYPE=Release -DAMENT_CMAKE_SYMLINK_INSTALL=1 -DCMAKE_INSTALL_PREFIX=/home/hector/Desktop/DreamTeam_TE3002B/so_arm_ws/install/so_arm100_pick_place
[0.286s] -- The C compiler identification is GNU 11.4.0
[0.475s] -- The CXX compiler identification is GNU 11.4.0
[0.497s] -- Detecting C compiler ABI info
[0.580s] -- Detecting C compiler ABI info - done
[0.587s] -- Check for working C compiler: /usr/bin/cc - skipped
[0.588s] -- Detecting C compile features
[0.589s] -- Detecting C compile features - done
[0.593s] -- Detecting CXX compiler ABI info
[0.669s] -- Detecting CXX compiler ABI info - done
[0.678s] -- Check for working CXX compiler: /usr/bin/c++ - skipped
[0.678s] -- Detecting CXX compile features
[0.679s] -- Detecting CXX compile features - done
[0.688s] -- Found ament_cmake: 1.3.13 (/opt/ros/humble/share/ament_cmake/cmake)
[0.824s] -- Found Python3: /usr/bin/python3 (found version "3.10.12") found components: Interpreter 
[0.870s] -- Override CMake install command with custom implementation using symlinks instead of copying resources
[1.054s] -- Configuring done
[1.055s] -- Generating done
[1.056s] -- Build files have been written to: /home/hector/Desktop/DreamTeam_TE3002B/so_arm_ws/build/so_arm100_pick_place
[1.058s] Invoked command in '/home/hector/Desktop/DreamTeam_TE3002B/so_arm_ws/build/so_arm100_pick_place' returned '0': CMAKE_PREFIX_PATH=/opt/ros/humble /usr/bin/cmake /home/hector/Desktop/DreamTeam_TE3002B/so_arm_ws/src/so_arm100_pick_place -DCMAKE_BUILD_TYPE=Release -DAMENT_CMAKE_SYMLINK_INSTALL=1 -DCMAKE_INSTALL_PREFIX=/home/hector/Desktop/DreamTeam_TE3002B/so_arm_ws/install/so_arm100_pick_place
[1.059s] Invoking command in '/home/hector/Desktop/DreamTeam_TE3002B/so_arm_ws/build/so_arm100_pick_place': CMAKE_PREFIX_PATH=/opt/ros/humble /usr/bin/cmake --build /home/hector/Desktop/DreamTeam_TE3002B/so_arm_ws/build/so_arm100_pick_place -- -j32 -l32
[1.115s] Built target ament_cmake_python_symlink_so_arm100_pick_place
[1.293s] running egg_info
[1.294s] creating so_arm100_pick_place.egg-info
[1.294s] writing so_arm100_pick_place.egg-info/PKG-INFO
[1.294s] writing dependency_links to so_arm100_pick_place.egg-info/dependency_links.txt
[1.294s] writing top-level names to so_arm100_pick_place.egg-info/top_level.txt
[1.294s] writing manifest file 'so_arm100_pick_place.egg-info/SOURCES.txt'
[1.298s] reading manifest file 'so_arm100_pick_place.egg-info/SOURCES.txt'
[1.298s] writing manifest file 'so_arm100_pick_place.egg-info/SOURCES.txt'
[1.315s] Built target ament_cmake_python_build_so_arm100_pick_place_egg
[1.325s] Invoked command in '/home/hector/Desktop/DreamTeam_TE3002B/so_arm_ws/build/so_arm100_pick_place' returned '0': CMAKE_PREFIX_PATH=/opt/ros/humble /usr/bin/cmake --build /home/hector/Desktop/DreamTeam_TE3002B/so_arm_ws/build/so_arm100_pick_place -- -j32 -l32
[1.328s] Invoking command in '/home/hector/Desktop/DreamTeam_TE3002B/so_arm_ws/build/so_arm100_pick_place': CMAKE_PREFIX_PATH=/opt/ros/humble /usr/bin/cmake --install /home/hector/Desktop/DreamTeam_TE3002B/so_arm_ws/build/so_arm100_pick_place
[1.334s] -- Install configuration: "Release"
[1.334s] -- Execute custom install script
[1.335s] -- Symlinking: /home/hector/Desktop/DreamTeam_TE3002B/so_arm_ws/install/so_arm100_pick_place/share/so_arm100_pick_place/environment/pythonpath.sh
[1.342s] -- Symlinking: /home/hector/Desktop/DreamTeam_TE3002B/so_arm_ws/install/so_arm100_pick_place/share/so_arm100_pick_place/environment/pythonpath.dsv
[1.353s] -- Symlinking: /home/hector/Desktop/DreamTeam_TE3002B/so_arm_ws/install/so_arm100_pick_place/local/lib/python3.10/dist-packages/so_arm100_pick_place-0.1.0-py3.10.egg-info/PKG-INFO
[1.362s] -- Symlinking: /home/hector/Desktop/DreamTeam_TE3002B/so_arm_ws/install/so_arm100_pick_place/local/lib/python3.10/dist-packages/so_arm100_pick_place-0.1.0-py3.10.egg-info/SOURCES.txt
[1.368s] -- Symlinking: /home/hector/Desktop/DreamTeam_TE3002B/so_arm_ws/install/so_arm100_pick_place/local/lib/python3.10/dist-packages/so_arm100_pick_place-0.1.0-py3.10.egg-info/dependency_links.txt
[1.375s] -- Symlinking: /home/hector/Desktop/DreamTeam_TE3002B/so_arm_ws/install/so_arm100_pick_place/local/lib/python3.10/dist-packages/so_arm100_pick_place-0.1.0-py3.10.egg-info/top_level.txt
[1.383s] -- Symlinking: /home/hector/Desktop/DreamTeam_TE3002B/so_arm_ws/install/so_arm100_pick_place/local/lib/python3.10/dist-packages/so_arm100_pick_place/__init__.py
[1.392s] -- Symlinking: /home/hector/Desktop/DreamTeam_TE3002B/so_arm_ws/install/so_arm100_pick_place/local/lib/python3.10/dist-packages/so_arm100_pick_place/pick_place_node.py
[1.398s] -- Symlinking: /home/hector/Desktop/DreamTeam_TE3002B/so_arm_ws/install/so_arm100_pick_place/local/lib/python3.10/dist-packages/so_arm100_pick_place/vision_node.py
[1.404s] -- Symlinking: /home/hector/Desktop/DreamTeam_TE3002B/so_arm_ws/install/so_arm100_pick_place/lib/so_arm100_pick_place/pick_place_node.py
[1.411s] -- Symlinking: /home/hector/Desktop/DreamTeam_TE3002B/so_arm_ws/install/so_arm100_pick_place/lib/so_arm100_pick_place/vision_node.py
[1.418s] -- Symlinking: /home/hector/Desktop/DreamTeam_TE3002B/so_arm_ws/install/so_arm100_pick_place/share/so_arm100_pick_place/launch/pick_place.launch.py
[1.429s] -- Symlinking: /home/hector/Desktop/DreamTeam_TE3002B/so_arm_ws/install/so_arm100_pick_place/share/ament_index/resource_index/package_run_dependencies/so_arm100_pick_place
[1.436s] -- Symlinking: /home/hector/Desktop/DreamTeam_TE3002B/so_arm_ws/install/so_arm100_pick_place/share/ament_index/resource_index/parent_prefix_path/so_arm100_pick_place
[1.444s] -- Symlinking: /home/hector/Desktop/DreamTeam_TE3002B/so_arm_ws/install/so_arm100_pick_place/share/so_arm100_pick_place/environment/ament_prefix_path.sh
[1.452s] -- Symlinking: /home/hector/Desktop/DreamTeam_TE3002B/so_arm_ws/install/so_arm100_pick_place/share/so_arm100_pick_place/environment/ament_prefix_path.dsv
[1.461s] -- Symlinking: /home/hector/Desktop/DreamTeam_TE3002B/so_arm_ws/install/so_arm100_pick_place/share/so_arm100_pick_place/environment/path.sh
[1.468s] -- Symlinking: /home/hector/Desktop/DreamTeam_TE3002B/so_arm_ws/install/so_arm100_pick_place/share/so_arm100_pick_place/environment/path.dsv
[1.475s] -- Symlinking: /home/hector/Desktop/DreamTeam_TE3002B/so_arm_ws/install/so_arm100_pick_place/share/so_arm100_pick_place/local_setup.bash
[1.480s] -- Symlinking: /home/hector/Desktop/DreamTeam_TE3002B/so_arm_ws/install/so_arm100_pick_place/share/so_arm100_pick_place/local_setup.sh
[1.486s] -- Symlinking: /home/hector/Desktop/DreamTeam_TE3002B/so_arm_ws/install/so_arm100_pick_place/share/so_arm100_pick_place/local_setup.zsh
[1.493s] -- Symlinking: /home/hector/Desktop/DreamTeam_TE3002B/so_arm_ws/install/so_arm100_pick_place/share/so_arm100_pick_place/local_setup.dsv
[1.500s] -- Symlinking: /home/hector/Desktop/DreamTeam_TE3002B/so_arm_ws/install/so_arm100_pick_place/share/so_arm100_pick_place/package.dsv
[1.508s] -- Symlinking: /home/hector/Desktop/DreamTeam_TE3002B/so_arm_ws/install/so_arm100_pick_place/share/ament_index/resource_index/packages/so_arm100_pick_place
[1.514s] -- Symlinking: /home/hector/Desktop/DreamTeam_TE3002B/so_arm_ws/install/so_arm100_pick_place/share/so_arm100_pick_place/cmake/so_arm100_pick_placeConfig.cmake
[1.520s] -- Symlinking: /home/hector/Desktop/DreamTeam_TE3002B/so_arm_ws/install/so_arm100_pick_place/share/so_arm100_pick_place/cmake/so_arm100_pick_placeConfig-version.cmake
[1.527s] -- Symlinking: /home/hector/Desktop/DreamTeam_TE3002B/so_arm_ws/install/so_arm100_pick_place/share/so_arm100_pick_place/package.xml
[1.574s] Listing '/home/hector/Desktop/DreamTeam_TE3002B/so_arm_ws/install/so_arm100_pick_place/local/lib/python3.10/dist-packages/so_arm100_pick_place'...
[1.574s] Compiling '/home/hector/Desktop/DreamTeam_TE3002B/so_arm_ws/install/so_arm100_pick_place/local/lib/python3.10/dist-packages/so_arm100_pick_place/__init__.py'...
[1.575s] Compiling '/home/hector/Desktop/DreamTeam_TE3002B/so_arm_ws/install/so_arm100_pick_place/local/lib/python3.10/dist-packages/so_arm100_pick_place/pick_place_node.py'...
[1.575s] Compiling '/home/hector/Desktop/DreamTeam_TE3002B/so_arm_ws/install/so_arm100_pick_place/local/lib/python3.10/dist-packages/so_arm100_pick_place/vision_node.py'...
[1.580s] Invoked command in '/home/hector/Desktop/DreamTeam_TE3002B/so_arm_ws/build/so_arm100_pick_place' returned '0': CMAKE_PREFIX_PATH=/opt/ros/humble /usr/bin/cmake --install /home/hector/Desktop/DreamTeam_TE3002B/so_arm_ws/build/so_arm100_pick_place
