[0.006s] Invoking command in '/home/hector/Desktop/DreamTeam_TE3002B/so_arm_ws/build/so_arm100_moveit_config': AMENT_PREFIX_PATH=/home/hector/Desktop/DreamTeam_TE3002B/so_arm_ws/install/so_arm100_description:${AMENT_PREFIX_PATH} CMAKE_PREFIX_PATH=/home/hector/Desktop/DreamTeam_TE3002B/so_arm_ws/install/so_arm100_description:/opt/ros/humble /usr/bin/cmake /home/hector/Desktop/DreamTeam_TE3002B/so_arm_ws/src/so_arm100_moveit_config -DCMAKE_BUILD_TYPE=Release -DAMENT_CMAKE_SYMLINK_INSTALL=1 -DCMAKE_INSTALL_PREFIX=/home/hector/Desktop/DreamTeam_TE3002B/so_arm_ws/install/so_arm100_moveit_config
[0.049s] -- The C compiler identification is GNU 11.4.0
[0.086s] -- The CXX compiler identification is GNU 11.4.0
[0.091s] -- Detecting C compiler ABI info
[0.152s] -- Detecting C compiler ABI info - done
[0.162s] -- Check for working C compiler: /usr/bin/cc - skipped
[0.162s] -- Detecting C compile features
[0.163s] -- Detecting C compile features - done
[0.166s] -- Detecting CXX compiler ABI info
[0.240s] -- Detecting CXX compiler ABI info - done
[0.248s] -- Check for working CXX compiler: /usr/bin/c++ - skipped
[0.248s] -- Detecting CXX compile features
[0.249s] -- Detecting CXX compile features - done
[0.253s] -- Found ament_cmake: 1.3.13 (/opt/ros/humble/share/ament_cmake/cmake)
[0.397s] -- Found Python3: /usr/bin/python3 (found version "3.10.12") found components: Interpreter 
[0.442s] -- Override CMake install command with custom implementation using symlinks instead of copying resources
[0.523s] -- Configuring done
[0.524s] -- Generating done
[0.525s] -- Build files have been written to: /home/hector/Desktop/DreamTeam_TE3002B/so_arm_ws/build/so_arm100_moveit_config
[0.529s] Invoked command in '/home/hector/Desktop/DreamTeam_TE3002B/so_arm_ws/build/so_arm100_moveit_config' returned '0': AMENT_PREFIX_PATH=/home/hector/Desktop/DreamTeam_TE3002B/so_arm_ws/install/so_arm100_description:${AMENT_PREFIX_PATH} CMAKE_PREFIX_PATH=/home/hector/Desktop/DreamTeam_TE3002B/so_arm_ws/install/so_arm100_description:/opt/ros/humble /usr/bin/cmake /home/hector/Desktop/DreamTeam_TE3002B/so_arm_ws/src/so_arm100_moveit_config -DCMAKE_BUILD_TYPE=Release -DAMENT_CMAKE_SYMLINK_INSTALL=1 -DCMAKE_INSTALL_PREFIX=/home/hector/Desktop/DreamTeam_TE3002B/so_arm_ws/install/so_arm100_moveit_config
[0.530s] Invoking command in '/home/hector/Desktop/DreamTeam_TE3002B/so_arm_ws/build/so_arm100_moveit_config': AMENT_PREFIX_PATH=/home/hector/Desktop/DreamTeam_TE3002B/so_arm_ws/install/so_arm100_description:${AMENT_PREFIX_PATH} CMAKE_PREFIX_PATH=/home/hector/Desktop/DreamTeam_TE3002B/so_arm_ws/install/so_arm100_description:/opt/ros/humble /usr/bin/cmake --build /home/hector/Desktop/DreamTeam_TE3002B/so_arm_ws/build/so_arm100_moveit_config -- -j32 -l32
[0.573s] Invoked command in '/home/hector/Desktop/DreamTeam_TE3002B/so_arm_ws/build/so_arm100_moveit_config' returned '0': AMENT_PREFIX_PATH=/home/hector/Desktop/DreamTeam_TE3002B/so_arm_ws/install/so_arm100_description:${AMENT_PREFIX_PATH} CMAKE_PREFIX_PATH=/home/hector/Desktop/DreamTeam_TE3002B/so_arm_ws/install/so_arm100_description:/opt/ros/humble /usr/bin/cmake --build /home/hector/Desktop/DreamTeam_TE3002B/so_arm_ws/build/so_arm100_moveit_config -- -j32 -l32
[0.575s] Invoking command in '/home/hector/Desktop/DreamTeam_TE3002B/so_arm_ws/build/so_arm100_moveit_config': AMENT_PREFIX_PATH=/home/hector/Desktop/DreamTeam_TE3002B/so_arm_ws/install/so_arm100_description:${AMENT_PREFIX_PATH} CMAKE_PREFIX_PATH=/home/hector/Desktop/DreamTeam_TE3002B/so_arm_ws/install/so_arm100_description:/opt/ros/humble /usr/bin/cmake --install /home/hector/Desktop/DreamTeam_TE3002B/so_arm_ws/build/so_arm100_moveit_config
[0.583s] -- Install configuration: "Release"
[0.584s] -- Execute custom install script
[0.584s] -- Symlinking: /home/hector/Desktop/DreamTeam_TE3002B/so_arm_ws/install/so_arm100_moveit_config/share/so_arm100_moveit_config/config/joint_limits.yaml
[0.598s] -- Symlinking: /home/hector/Desktop/DreamTeam_TE3002B/so_arm_ws/install/so_arm100_moveit_config/share/so_arm100_moveit_config/config/kinematics.yaml
[0.610s] -- Symlinking: /home/hector/Desktop/DreamTeam_TE3002B/so_arm_ws/install/so_arm100_moveit_config/share/so_arm100_moveit_config/config/moveit_controllers.yaml
[0.621s] -- Symlinking: /home/hector/Desktop/DreamTeam_TE3002B/so_arm_ws/install/so_arm100_moveit_config/share/so_arm100_moveit_config/config/ompl_planning.yaml
[0.633s] -- Symlinking: /home/hector/Desktop/DreamTeam_TE3002B/so_arm_ws/install/so_arm100_moveit_config/share/so_arm100_moveit_config/config/so_arm100.srdf
[0.649s] -- Symlinking: /home/hector/Desktop/DreamTeam_TE3002B/so_arm_ws/install/so_arm100_moveit_config/share/so_arm100_moveit_config/launch/move_group.launch.py
[0.665s] -- Symlinking: /home/hector/Desktop/DreamTeam_TE3002B/so_arm_ws/install/so_arm100_moveit_config/share/ament_index/resource_index/package_run_dependencies/so_arm100_moveit_config
[0.676s] -- Symlinking: /home/hector/Desktop/DreamTeam_TE3002B/so_arm_ws/install/so_arm100_moveit_config/share/ament_index/resource_index/parent_prefix_path/so_arm100_moveit_config
[0.689s] -- Symlinking: /home/hector/Desktop/DreamTeam_TE3002B/so_arm_ws/install/so_arm100_moveit_config/share/so_arm100_moveit_config/environment/ament_prefix_path.sh
[0.699s] -- Symlinking: /home/hector/Desktop/DreamTeam_TE3002B/so_arm_ws/install/so_arm100_moveit_config/share/so_arm100_moveit_config/environment/ament_prefix_path.dsv
[0.709s] -- Symlinking: /home/hector/Desktop/DreamTeam_TE3002B/so_arm_ws/install/so_arm100_moveit_config/share/so_arm100_moveit_config/environment/path.sh
[0.727s] -- Symlinking: /home/hector/Desktop/DreamTeam_TE3002B/so_arm_ws/install/so_arm100_moveit_config/share/so_arm100_moveit_config/environment/path.dsv
[0.738s] -- Symlinking: /home/hector/Desktop/DreamTeam_TE3002B/so_arm_ws/install/so_arm100_moveit_config/share/so_arm100_moveit_config/local_setup.bash
[0.749s] -- Symlinking: /home/hector/Desktop/DreamTeam_TE3002B/so_arm_ws/install/so_arm100_moveit_config/share/so_arm100_moveit_config/local_setup.sh
[0.758s] -- Symlinking: /home/hector/Desktop/DreamTeam_TE3002B/so_arm_ws/install/so_arm100_moveit_config/share/so_arm100_moveit_config/local_setup.zsh
[0.768s] -- Symlinking: /home/hector/Desktop/DreamTeam_TE3002B/so_arm_ws/install/so_arm100_moveit_config/share/so_arm100_moveit_config/local_setup.dsv
[0.782s] -- Symlinking: /home/hector/Desktop/DreamTeam_TE3002B/so_arm_ws/install/so_arm100_moveit_config/share/so_arm100_moveit_config/package.dsv
[0.791s] -- Symlinking: /home/hector/Desktop/DreamTeam_TE3002B/so_arm_ws/install/so_arm100_moveit_config/share/ament_index/resource_index/packages/so_arm100_moveit_config
[0.800s] -- Symlinking: /home/hector/Desktop/DreamTeam_TE3002B/so_arm_ws/install/so_arm100_moveit_config/share/so_arm100_moveit_config/cmake/so_arm100_moveit_configConfig.cmake
[0.809s] -- Symlinking: /home/hector/Desktop/DreamTeam_TE3002B/so_arm_ws/install/so_arm100_moveit_config/share/so_arm100_moveit_config/cmake/so_arm100_moveit_configConfig-version.cmake
[0.820s] -- Symlinking: /home/hector/Desktop/DreamTeam_TE3002B/so_arm_ws/install/so_arm100_moveit_config/share/so_arm100_moveit_config/package.xml
[0.831s] Invoked command in '/home/hector/Desktop/DreamTeam_TE3002B/so_arm_ws/build/so_arm100_moveit_config' returned '0': AMENT_PREFIX_PATH=/home/hector/Desktop/DreamTeam_TE3002B/so_arm_ws/install/so_arm100_description:${AMENT_PREFIX_PATH} CMAKE_PREFIX_PATH=/home/hector/Desktop/DreamTeam_TE3002B/so_arm_ws/install/so_arm100_description:/opt/ros/humble /usr/bin/cmake --install /home/hector/Desktop/DreamTeam_TE3002B/so_arm_ws/build/so_arm100_moveit_config
