-- The C compiler identification is GNU 11.4.0
-- The CXX compiler identification is GNU 11.4.0
-- Detecting C compiler ABI info
-- Detecting C compiler ABI info - done
-- Check for working C compiler: /usr/bin/cc - skipped
-- Detecting C compile features
-- Detecting C compile features - done
-- Detecting CXX compiler ABI info
-- Detecting CXX compiler ABI info - done
-- Check for working CXX compiler: /usr/bin/c++ - skipped
-- Detecting CXX compile features
-- Detecting CXX compile features - done
-- Found ament_cmake: 1.3.13 (/opt/ros/humble/share/ament_cmake/cmake)
-- Found Python3: /usr/bin/python3 (found version "3.10.12") found components: Interpreter 
-- Override CMake install command with custom implementation using symlinks instead of copying resources
-- Configuring done
-- Generating done
-- Build files have been written to: /home/hector/Desktop/DreamTeam_TE3002B/so_arm_ws/build/so_arm100_gazebo
-- Install configuration: "Release"
-- Execute custom install script
-- Symlinking: /home/hector/Desktop/DreamTeam_TE3002B/so_arm_ws/install/so_arm100_gazebo/share/so_arm100_gazebo/launch/sim.launch.py
-- Symlinking: /home/hector/Desktop/DreamTeam_TE3002B/so_arm_ws/install/so_arm100_gazebo/share/so_arm100_gazebo/worlds/pick_place.world
-- Symlinking: /home/hector/Desktop/DreamTeam_TE3002B/so_arm_ws/install/so_arm100_gazebo/share/so_arm100_gazebo/config/ros2_controllers.yaml
-- Symlinking: /home/hector/Desktop/DreamTeam_TE3002B/so_arm_ws/install/so_arm100_gazebo/share/ament_index/resource_index/package_run_dependencies/so_arm100_gazebo
-- Symlinking: /home/hector/Desktop/DreamTeam_TE3002B/so_arm_ws/install/so_arm100_gazebo/share/ament_index/resource_index/parent_prefix_path/so_arm100_gazebo
-- Symlinking: /home/hector/Desktop/DreamTeam_TE3002B/so_arm_ws/install/so_arm100_gazebo/share/so_arm100_gazebo/environment/ament_prefix_path.sh
-- Symlinking: /home/hector/Desktop/DreamTeam_TE3002B/so_arm_ws/install/so_arm100_gazebo/share/so_arm100_gazebo/environment/ament_prefix_path.dsv
-- Symlinking: /home/hector/Desktop/DreamTeam_TE3002B/so_arm_ws/install/so_arm100_gazebo/share/so_arm100_gazebo/environment/path.sh
-- Symlinking: /home/hector/Desktop/DreamTeam_TE3002B/so_arm_ws/install/so_arm100_gazebo/share/so_arm100_gazebo/environment/path.dsv
-- Symlinking: /home/hector/Desktop/DreamTeam_TE3002B/so_arm_ws/install/so_arm100_gazebo/share/so_arm100_gazebo/local_setup.bash
-- Symlinking: /home/hector/Desktop/DreamTeam_TE3002B/so_arm_ws/install/so_arm100_gazebo/share/so_arm100_gazebo/local_setup.sh
-- Symlinking: /home/hector/Desktop/DreamTeam_TE3002B/so_arm_ws/install/so_arm100_gazebo/share/so_arm100_gazebo/local_setup.zsh
-- Symlinking: /home/hector/Desktop/DreamTeam_TE3002B/so_arm_ws/install/so_arm100_gazebo/share/so_arm100_gazebo/local_setup.dsv
-- Symlinking: /home/hector/Desktop/DreamTeam_TE3002B/so_arm_ws/install/so_arm100_gazebo/share/so_arm100_gazebo/package.dsv
-- Symlinking: /home/hector/Desktop/DreamTeam_TE3002B/so_arm_ws/install/so_arm100_gazebo/share/ament_index/resource_index/packages/so_arm100_gazebo
-- Symlinking: /home/hector/Desktop/DreamTeam_TE3002B/so_arm_ws/install/so_arm100_gazebo/share/so_arm100_gazebo/cmake/so_arm100_gazeboConfig.cmake
-- Symlinking: /home/hector/Desktop/DreamTeam_TE3002B/so_arm_ws/install/so_arm100_gazebo/share/so_arm100_gazebo/cmake/so_arm100_gazeboConfig-version.cmake
-- Symlinking: /home/hector/Desktop/DreamTeam_TE3002B/so_arm_ws/install/so_arm100_gazebo/share/so_arm100_gazebo/package.xml
