[0.009s] Invoking command in '/home/hector/Desktop/DreamTeam_TE3002B/so_arm_ws/build/so_arm100_gazebo': AMENT_PREFIX_PATH=/home/hector/Desktop/DreamTeam_TE3002B/so_arm_ws/install/so_arm100_moveit_config:/home/hector/Desktop/DreamTeam_TE3002B/so_arm_ws/install/so_arm100_description:${AMENT_PREFIX_PATH} CMAKE_PREFIX_PATH=/home/hector/Desktop/DreamTeam_TE3002B/so_arm_ws/install/so_arm100_moveit_config:/home/hector/Desktop/DreamTeam_TE3002B/so_arm_ws/install/so_arm100_description:/opt/ros/humble /usr/bin/cmake /home/hector/Desktop/DreamTeam_TE3002B/so_arm_ws/src/so_arm100_gazebo -DCMAKE_BUILD_TYPE=Release -DAMENT_CMAKE_SYMLINK_INSTALL=1 -DCMAKE_INSTALL_PREFIX=/home/hector/Desktop/DreamTeam_TE3002B/so_arm_ws/install/so_arm100_gazebo
[0.073s] -- The C compiler identification is GNU 11.4.0
[0.127s] -- The CXX compiler identification is GNU 11.4.0
[0.133s] -- Detecting C compiler ABI info
[0.213s] -- Detecting C compiler ABI info - done
[0.222s] -- Check for working C compiler: /usr/bin/cc - skipped
[0.222s] -- Detecting C compile features
[0.222s] -- Detecting C compile features - done
[0.226s] -- Detecting CXX compiler ABI info
[0.321s] -- Detecting CXX compiler ABI info - done
[0.327s] -- Check for working CXX compiler: /usr/bin/c++ - skipped
[0.327s] -- Detecting CXX compile features
[0.327s] -- Detecting CXX compile features - done
[0.329s] -- Found ament_cmake: 1.3.13 (/opt/ros/humble/share/ament_cmake/cmake)
[0.471s] -- Found Python3: /usr/bin/python3 (found version "3.10.12") found components: Interpreter 
[0.508s] -- Override CMake install command with custom implementation using symlinks instead of copying resources
[0.568s] -- Configuring done
[0.569s] -- Generating done
[0.570s] -- Build files have been written to: /home/hector/Desktop/DreamTeam_TE3002B/so_arm_ws/build/so_arm100_gazebo
[0.573s] Invoked command in '/home/hector/Desktop/DreamTeam_TE3002B/so_arm_ws/build/so_arm100_gazebo' returned '0': AMENT_PREFIX_PATH=/home/hector/Desktop/DreamTeam_TE3002B/so_arm_ws/install/so_arm100_moveit_config:/home/hector/Desktop/DreamTeam_TE3002B/so_arm_ws/install/so_arm100_description:${AMENT_PREFIX_PATH} CMAKE_PREFIX_PATH=/home/hector/Desktop/DreamTeam_TE3002B/so_arm_ws/install/so_arm100_moveit_config:/home/hector/Desktop/DreamTeam_TE3002B/so_arm_ws/install/so_arm100_description:/opt/ros/humble /usr/bin/cmake /home/hector/Desktop/DreamTeam_TE3002B/so_arm_ws/src/so_arm100_gazebo -DCMAKE_BUILD_TYPE=Release -DAMENT_CMAKE_SYMLINK_INSTALL=1 -DCMAKE_INSTALL_PREFIX=/home/hector/Desktop/DreamTeam_TE3002B/so_arm_ws/install/so_arm100_gazebo
[0.573s] Invoking command in '/home/hector/Desktop/DreamTeam_TE3002B/so_arm_ws/build/so_arm100_gazebo': AMENT_PREFIX_PATH=/home/hector/Desktop/DreamTeam_TE3002B/so_arm_ws/install/so_arm100_moveit_config:/home/hector/Desktop/DreamTeam_TE3002B/so_arm_ws/install/so_arm100_description:${AMENT_PREFIX_PATH} CMAKE_PREFIX_PATH=/home/hector/Desktop/DreamTeam_TE3002B/so_arm_ws/install/so_arm100_moveit_config:/home/hector/Desktop/DreamTeam_TE3002B/so_arm_ws/install/so_arm100_description:/opt/ros/humble /usr/bin/cmake --build /home/hector/Desktop/DreamTeam_TE3002B/so_arm_ws/build/so_arm100_gazebo -- -j32 -l32
[0.602s] Invoked command in '/home/hector/Desktop/DreamTeam_TE3002B/so_arm_ws/build/so_arm100_gazebo' returned '0': AMENT_PREFIX_PATH=/home/hector/Desktop/DreamTeam_TE3002B/so_arm_ws/install/so_arm100_moveit_config:/home/hector/Desktop/DreamTeam_TE3002B/so_arm_ws/install/so_arm100_description:${AMENT_PREFIX_PATH} CMAKE_PREFIX_PATH=/home/hector/Desktop/DreamTeam_TE3002B/so_arm_ws/install/so_arm100_moveit_config:/home/hector/Desktop/DreamTeam_TE3002B/so_arm_ws/install/so_arm100_description:/opt/ros/humble /usr/bin/cmake --build /home/hector/Desktop/DreamTeam_TE3002B/so_arm_ws/build/so_arm100_gazebo -- -j32 -l32
[0.603s] Invoking command in '/home/hector/Desktop/DreamTeam_TE3002B/so_arm_ws/build/so_arm100_gazebo': AMENT_PREFIX_PATH=/home/hector/Desktop/DreamTeam_TE3002B/so_arm_ws/install/so_arm100_moveit_config:/home/hector/Desktop/DreamTeam_TE3002B/so_arm_ws/install/so_arm100_description:${AMENT_PREFIX_PATH} CMAKE_PREFIX_PATH=/home/hector/Desktop/DreamTeam_TE3002B/so_arm_ws/install/so_arm100_moveit_config:/home/hector/Desktop/DreamTeam_TE3002B/so_arm_ws/install/so_arm100_description:/opt/ros/humble /usr/bin/cmake --install /home/hector/Desktop/DreamTeam_TE3002B/so_arm_ws/build/so_arm100_gazebo
[0.610s] -- Install configuration: "Release"
[0.611s] -- Execute custom install script
[0.611s] -- Symlinking: /home/hector/Desktop/DreamTeam_TE3002B/so_arm_ws/install/so_arm100_gazebo/share/so_arm100_gazebo/launch/sim.launch.py
[0.621s] -- Symlinking: /home/hector/Desktop/DreamTeam_TE3002B/so_arm_ws/install/so_arm100_gazebo/share/so_arm100_gazebo/worlds/pick_place.world
[0.629s] -- Symlinking: /home/hector/Desktop/DreamTeam_TE3002B/so_arm_ws/install/so_arm100_gazebo/share/so_arm100_gazebo/config/ros2_controllers.yaml
[0.639s] -- Symlinking: /home/hector/Desktop/DreamTeam_TE3002B/so_arm_ws/install/so_arm100_gazebo/share/ament_index/resource_index/package_run_dependencies/so_arm100_gazebo
[0.654s] -- Symlinking: /home/hector/Desktop/DreamTeam_TE3002B/so_arm_ws/install/so_arm100_gazebo/share/ament_index/resource_index/parent_prefix_path/so_arm100_gazebo
[0.666s] -- Symlinking: /home/hector/Desktop/DreamTeam_TE3002B/so_arm_ws/install/so_arm100_gazebo/share/so_arm100_gazebo/environment/ament_prefix_path.sh
[0.675s] -- Symlinking: /home/hector/Desktop/DreamTeam_TE3002B/so_arm_ws/install/so_arm100_gazebo/share/so_arm100_gazebo/environment/ament_prefix_path.dsv
[0.683s] -- Symlinking: /home/hector/Desktop/DreamTeam_TE3002B/so_arm_ws/install/so_arm100_gazebo/share/so_arm100_gazebo/environment/path.sh
[0.692s] -- Symlinking: /home/hector/Desktop/DreamTeam_TE3002B/so_arm_ws/install/so_arm100_gazebo/share/so_arm100_gazebo/environment/path.dsv
[0.697s] -- Symlinking: /home/hector/Desktop/DreamTeam_TE3002B/so_arm_ws/install/so_arm100_gazebo/share/so_arm100_gazebo/local_setup.bash
[0.701s] -- Symlinking: /home/hector/Desktop/DreamTeam_TE3002B/so_arm_ws/install/so_arm100_gazebo/share/so_arm100_gazebo/local_setup.sh
[0.705s] -- Symlinking: /home/hector/Desktop/DreamTeam_TE3002B/so_arm_ws/install/so_arm100_gazebo/share/so_arm100_gazebo/local_setup.zsh
[0.711s] -- Symlinking: /home/hector/Desktop/DreamTeam_TE3002B/so_arm_ws/install/so_arm100_gazebo/share/so_arm100_gazebo/local_setup.dsv
[0.720s] -- Symlinking: /home/hector/Desktop/DreamTeam_TE3002B/so_arm_ws/install/so_arm100_gazebo/share/so_arm100_gazebo/package.dsv
[0.728s] -- Symlinking: /home/hector/Desktop/DreamTeam_TE3002B/so_arm_ws/install/so_arm100_gazebo/share/ament_index/resource_index/packages/so_arm100_gazebo
[0.736s] -- Symlinking: /home/hector/Desktop/DreamTeam_TE3002B/so_arm_ws/install/so_arm100_gazebo/share/so_arm100_gazebo/cmake/so_arm100_gazeboConfig.cmake
[0.746s] -- Symlinking: /home/hector/Desktop/DreamTeam_TE3002B/so_arm_ws/install/so_arm100_gazebo/share/so_arm100_gazebo/cmake/so_arm100_gazeboConfig-version.cmake
[0.754s] -- Symlinking: /home/hector/Desktop/DreamTeam_TE3002B/so_arm_ws/install/so_arm100_gazebo/share/so_arm100_gazebo/package.xml
[0.767s] Invoked command in '/home/hector/Desktop/DreamTeam_TE3002B/so_arm_ws/build/so_arm100_gazebo' returned '0': AMENT_PREFIX_PATH=/home/hector/Desktop/DreamTeam_TE3002B/so_arm_ws/install/so_arm100_moveit_config:/home/hector/Desktop/DreamTeam_TE3002B/so_arm_ws/install/so_arm100_description:${AMENT_PREFIX_PATH} CMAKE_PREFIX_PATH=/home/hector/Desktop/DreamTeam_TE3002B/so_arm_ws/install/so_arm100_moveit_config:/home/hector/Desktop/DreamTeam_TE3002B/so_arm_ws/install/so_arm100_description:/opt/ros/humble /usr/bin/cmake --install /home/hector/Desktop/DreamTeam_TE3002B/so_arm_ws/build/so_arm100_gazebo
